app/build/intermediates/manifest_merge_blame_file/debug/manifest-merger-blame-debug-report.txt
1<?xml version="1.0" encoding="utf-8"?>
2<manifest xmlns:android="http://schemas.android.com/apk/res/android"
3    package="com.my.socialstress"
4    android:versionCode="1"
5    android:versionName="1.0" >
6
7    <uses-sdk
8        android:minSdkVersion="18"
8-->src\main\AndroidManifest.xml
9        android:targetSdkVersion="29" />
9-->src\main\AndroidManifest.xml
10
11    <uses-permission android:name="android.permission.INTERNET" />
11-->src\main\AndroidManifest.xml:6:5-67
11-->src\main\AndroidManifest.xml:6:22-64
12    <uses-permission android:name="android.permission.CAMERA" />
12-->src\main\AndroidManifest.xml:7:5-65
12-->src\main\AndroidManifest.xml:7:22-62
13    <uses-permission android:name="android.permission.READ_EXTERNAL_STORAGE" />
13-->src\main\AndroidManifest.xml:8:5-80
13-->src\main\AndroidManifest.xml:8:22-77
14    <uses-permission android:name="android.permission.WRITE_EXTERNAL_STORAGE" />
14-->src\main\AndroidManifest.xml:9:5-81
14-->src\main\AndroidManifest.xml:9:22-78
15
16    <uses-feature android:name="android.hardware.camera" />
16-->src\main\AndroidManifest.xml:10:5-60
16-->src\main\AndroidManifest.xml:10:19-57
17    <uses-feature android:name="android.hardware.camera.autofocus" />
17-->src\main\AndroidManifest.xml:11:5-70
17-->src\main\AndroidManifest.xml:11:19-67
18    <uses-feature
18-->src\main\AndroidManifest.xml:12:5-14:36
19        android:name="android.hardware.camera.front"
19-->src\main\AndroidManifest.xml:13:9-53
20        android:required="false" />
20-->src\main\AndroidManifest.xml:14:9-33
21
22    <uses-permission android:name="android.permission.ACCESS_NETWORK_STATE" />
22-->[com.firebaseui:firebase-ui-auth:3.3.1] AndroidManifest.xml:12:5-79
22-->[com.firebaseui:firebase-ui-auth:3.3.1] AndroidManifest.xml:12:22-76
23    <uses-permission android:name="android.permission.WAKE_LOCK" /> <!-- Required by older versions of Google Play services to create IID tokens -->
23-->[com.google.android.gms:play-services-measurement-api:17.0.0] AndroidManifest.xml:24:5-68
23-->[com.google.android.gms:play-services-measurement-api:17.0.0] AndroidManifest.xml:24:22-65
24    <uses-permission android:name="com.google.android.c2dm.permission.RECEIVE" />
24-->[com.google.firebase:firebase-iid:19.0.1] AndroidManifest.xml:26:5-82
24-->[com.google.firebase:firebase-iid:19.0.1] AndroidManifest.xml:26:22-79
25    <uses-permission android:name="com.google.android.finsky.permission.BIND_GET_INSTALL_REFERRER_SERVICE" />
25-->[com.google.android.gms:play-services-measurement:17.0.0] AndroidManifest.xml:26:5-110
25-->[com.google.android.gms:play-services-measurement:17.0.0] AndroidManifest.xml:26:22-107
26
27    <application
27-->src\main\AndroidManifest.xml:16:5-42:19
28        android:name="androidx.multidex.MultiDexApplication"
29        android:allowBackup="true"
29-->src\main\AndroidManifest.xml:17:9-35
30        android:appComponentFactory="androidx.core.app.CoreComponentFactory"
30-->[androidx.core:core:1.1.0] AndroidManifest.xml:24:18-86
31        android:debuggable="true"
32        android:icon="@mipmap/ic_launcher"
32-->src\main\AndroidManifest.xml:18:9-43
33        android:label="@string/app_name"
33-->src\main\AndroidManifest.xml:19:9-41
34        android:roundIcon="@mipmap/ic_launcher_round"
34-->src\main\AndroidManifest.xml:20:9-54
35        android:supportsRtl="true"
35-->src\main\AndroidManifest.xml:21:9-35
36        android:testOnly="true"
37        android:theme="@style/AppTheme" >
37-->src\main\AndroidManifest.xml:22:9-40
38        <activity android:name="com.my.socialstress.SplashActivity" >
38-->src\main\AndroidManifest.xml:23:9-29:20
38-->src\main\AndroidManifest.xml:23:19-49
39            <intent-filter>
39-->src\main\AndroidManifest.xml:24:13-28:29
40                <action android:name="android.intent.action.MAIN" />
40-->src\main\AndroidManifest.xml:25:17-69
40-->src\main\AndroidManifest.xml:25:25-66
41
42                <category android:name="android.intent.category.LAUNCHER" />
42-->src\main\AndroidManifest.xml:27:17-77
42-->src\main\AndroidManifest.xml:27:27-74
43            </intent-filter>
44        </activity>
45        <activity android:name="com.my.socialstress.MainActivity" />
45-->src\main\AndroidManifest.xml:30:9-50
45-->src\main\AndroidManifest.xml:30:19-47
46        <activity android:name="com.my.socialstress.LoginActivity" />
46-->src\main\AndroidManifest.xml:31:9-51
46-->src\main\AndroidManifest.xml:31:19-48
47        <activity android:name="com.my.socialstress.RegisterActivity" />
47-->src\main\AndroidManifest.xml:32:9-54
47-->src\main\AndroidManifest.xml:32:19-51
48        <activity
48-->src\main\AndroidManifest.xml:33:9-35:59
49            android:name="com.theartofdev.edmodo.cropper.CropImageActivity"
49-->src\main\AndroidManifest.xml:34:13-76
50            android:theme="@style/Base.Theme.AppCompat" />
50-->src\main\AndroidManifest.xml:35:13-56
51        <activity android:name="com.my.socialstress.TestActivity" />
51-->src\main\AndroidManifest.xml:36:9-50
51-->src\main\AndroidManifest.xml:36:19-47
52        <activity android:name="com.my.socialstress.OnlineActivity" />
52-->src\main\AndroidManifest.xml:37:9-52
52-->src\main\AndroidManifest.xml:37:19-49
53        <activity android:name="com.my.socialstress.MoodActivity" />
53-->src\main\AndroidManifest.xml:38:9-50
53-->src\main\AndroidManifest.xml:38:19-47
54        <activity android:name="com.my.socialstress.DassActivity" />
54-->src\main\AndroidManifest.xml:39:9-50
54-->src\main\AndroidManifest.xml:39:19-47
55        <activity android:name="com.my.socialstress.ProfileActivity" />
55-->src\main\AndroidManifest.xml:40:9-53
55-->src\main\AndroidManifest.xml:40:19-50
56        <activity android:name="com.my.socialstress.AddFriendActivity" />
56-->src\main\AndroidManifest.xml:41:9-55
56-->src\main\AndroidManifest.xml:41:19-52
57
58        <meta-data
58-->[com.firebaseui:firebase-ui-auth:3.3.1] AndroidManifest.xml:16:9-18:69
59            android:name="com.google.android.gms.version"
59-->[com.firebaseui:firebase-ui-auth:3.3.1] AndroidManifest.xml:17:13-58
60            android:value="@integer/google_play_services_version" />
60-->[com.firebaseui:firebase-ui-auth:3.3.1] AndroidManifest.xml:18:13-66
61        <meta-data
61-->[com.firebaseui:firebase-ui-auth:3.3.1] AndroidManifest.xml:19:9-21:63
62            android:name="com.facebook.sdk.ApplicationId"
62-->[com.firebaseui:firebase-ui-auth:3.3.1] AndroidManifest.xml:20:13-58
63            android:value="@string/facebook_application_id" />
63-->[com.firebaseui:firebase-ui-auth:3.3.1] AndroidManifest.xml:21:13-60
64
65        <activity
65-->[com.firebaseui:firebase-ui-auth:3.3.1] AndroidManifest.xml:23:9-27:61
66            android:name="com.firebase.ui.auth.KickoffActivity"
66-->[com.firebaseui:firebase-ui-auth:3.3.1] AndroidManifest.xml:24:13-64
67            android:exported="false"
67-->[com.firebaseui:firebase-ui-auth:3.3.1] AndroidManifest.xml:25:13-37
68            android:label=""
68-->[com.firebaseui:firebase-ui-auth:3.3.1] AndroidManifest.xml:26:13-29
69            android:theme="@style/FirebaseUI.Transparent" />
69-->[com.firebaseui:firebase-ui-auth:3.3.1] AndroidManifest.xml:27:13-58
70        <activity
70-->[com.firebaseui:firebase-ui-auth:3.3.1] AndroidManifest.xml:28:9-32:61
71            android:name="com.firebase.ui.auth.ui.idp.SingleSignInActivity"
71-->[com.firebaseui:firebase-ui-auth:3.3.1] AndroidManifest.xml:29:13-76
72            android:exported="false"
72-->[com.firebaseui:firebase-ui-auth:3.3.1] AndroidManifest.xml:30:13-37
73            android:label=""
73-->[com.firebaseui:firebase-ui-auth:3.3.1] AndroidManifest.xml:31:13-29
74            android:theme="@style/FirebaseUI.Transparent" />
74-->[com.firebaseui:firebase-ui-auth:3.3.1] AndroidManifest.xml:32:13-58
75        <activity
75-->[com.firebaseui:firebase-ui-auth:3.3.1] AndroidManifest.xml:33:9-37:58
76            android:name="com.firebase.ui.auth.ui.email.RecoverPasswordActivity"
76-->[com.firebaseui:firebase-ui-auth:3.3.1] AndroidManifest.xml:34:13-81
77            android:exported="false"
77-->[com.firebaseui:firebase-ui-auth:3.3.1] AndroidManifest.xml:35:13-37
78            android:label="@string/fui_title_recover_password_activity"
78-->[com.firebaseui:firebase-ui-auth:3.3.1] AndroidManifest.xml:36:13-72
79            android:windowSoftInputMode="adjustResize" />
79-->[com.firebaseui:firebase-ui-auth:3.3.1] AndroidManifest.xml:37:13-55
80        <activity
80-->[com.firebaseui:firebase-ui-auth:3.3.1] AndroidManifest.xml:38:9-42:58
81            android:name="com.firebase.ui.auth.ui.email.EmailActivity"
81-->[com.firebaseui:firebase-ui-auth:3.3.1] AndroidManifest.xml:39:13-71
82            android:exported="false"
82-->[com.firebaseui:firebase-ui-auth:3.3.1] AndroidManifest.xml:40:13-37
83            android:label="@string/fui_sign_in_default"
83-->[com.firebaseui:firebase-ui-auth:3.3.1] AndroidManifest.xml:41:13-56
84            android:windowSoftInputMode="adjustResize" />
84-->[com.firebaseui:firebase-ui-auth:3.3.1] AndroidManifest.xml:42:13-55
85        <activity
85-->[com.firebaseui:firebase-ui-auth:3.3.1] AndroidManifest.xml:43:9-47:77
86            android:name="com.firebase.ui.auth.ui.phone.PhoneActivity"
86-->[com.firebaseui:firebase-ui-auth:3.3.1] AndroidManifest.xml:44:13-71
87            android:exported="false"
87-->[com.firebaseui:firebase-ui-auth:3.3.1] AndroidManifest.xml:45:13-37
88            android:label="@string/fui_sign_in_with_phone_number"
88-->[com.firebaseui:firebase-ui-auth:3.3.1] AndroidManifest.xml:46:13-66
89            android:windowSoftInputMode="adjustResize|stateAlwaysVisible" />
89-->[com.firebaseui:firebase-ui-auth:3.3.1] AndroidManifest.xml:47:13-74
90        <activity
90-->[com.firebaseui:firebase-ui-auth:3.3.1] AndroidManifest.xml:48:9-52:58
91            android:name="com.firebase.ui.auth.ui.idp.WelcomeBackIdpPrompt"
91-->[com.firebaseui:firebase-ui-auth:3.3.1] AndroidManifest.xml:49:13-76
92            android:exported="false"
92-->[com.firebaseui:firebase-ui-auth:3.3.1] AndroidManifest.xml:50:13-37
93            android:label="@string/fui_title_welcome_back_idp_prompt"
93-->[com.firebaseui:firebase-ui-auth:3.3.1] AndroidManifest.xml:51:13-70
94            android:windowSoftInputMode="adjustResize" />
94-->[com.firebaseui:firebase-ui-auth:3.3.1] AndroidManifest.xml:52:13-55
95        <activity
95-->[com.firebaseui:firebase-ui-auth:3.3.1] AndroidManifest.xml:53:9-57:58
96            android:name="com.firebase.ui.auth.ui.email.WelcomeBackPasswordPrompt"
96-->[com.firebaseui:firebase-ui-auth:3.3.1] AndroidManifest.xml:54:13-83
97            android:exported="false"
97-->[com.firebaseui:firebase-ui-auth:3.3.1] AndroidManifest.xml:55:13-37
98            android:label="@string/fui_title_welcome_back_password_prompt"
98-->[com.firebaseui:firebase-ui-auth:3.3.1] AndroidManifest.xml:56:13-75
99            android:windowSoftInputMode="adjustResize" />
99-->[com.firebaseui:firebase-ui-auth:3.3.1] AndroidManifest.xml:57:13-55
100        <activity
100-->[com.firebaseui:firebase-ui-auth:3.3.1] AndroidManifest.xml:58:9-61:65
101            android:name="com.firebase.ui.auth.ui.idp.AuthMethodPickerActivity"
101-->[com.firebaseui:firebase-ui-auth:3.3.1] AndroidManifest.xml:59:13-80
102            android:exported="false"
102-->[com.firebaseui:firebase-ui-auth:3.3.1] AndroidManifest.xml:60:13-37
103            android:label="@string/fui_default_toolbar_title" />
103-->[com.firebaseui:firebase-ui-auth:3.3.1] AndroidManifest.xml:61:13-62
104        <activity
104-->[com.firebaseui:firebase-ui-auth:3.3.1] AndroidManifest.xml:62:9-66:48
105            android:name="com.facebook.FacebookActivity"
105-->[com.firebaseui:firebase-ui-auth:3.3.1] AndroidManifest.xml:63:13-57
106            android:configChanges="keyboard|keyboardHidden|screenLayout|screenSize|orientation"
106-->[com.firebaseui:firebase-ui-auth:3.3.1] AndroidManifest.xml:64:13-96
107            android:label="@string/app_name" />
107-->[com.firebaseui:firebase-ui-auth:3.3.1] AndroidManifest.xml:65:13-45
108        <activity
108-->[com.firebaseui:firebase-ui-auth:3.3.1] AndroidManifest.xml:67:9-71:61
109            android:name="com.firebase.ui.auth.ui.credentials.CredentialSaveActivity"
109-->[com.firebaseui:firebase-ui-auth:3.3.1] AndroidManifest.xml:68:13-86
110            android:exported="false"
110-->[com.firebaseui:firebase-ui-auth:3.3.1] AndroidManifest.xml:69:13-37
111            android:label=""
111-->[com.firebaseui:firebase-ui-auth:3.3.1] AndroidManifest.xml:70:13-29
112            android:theme="@style/FirebaseUI.Transparent" />
112-->[com.firebaseui:firebase-ui-auth:3.3.1] AndroidManifest.xml:71:13-58
113        <activity
113-->[com.firebaseui:firebase-ui-auth:3.3.1] AndroidManifest.xml:72:9-84:20
114            android:name="com.facebook.CustomTabActivity"
114-->[com.firebaseui:firebase-ui-auth:3.3.1] AndroidManifest.xml:73:13-58
115            android:exported="true" >
115-->[com.firebaseui:firebase-ui-auth:3.3.1] AndroidManifest.xml:74:13-36
116            <intent-filter>
116-->[com.firebaseui:firebase-ui-auth:3.3.1] AndroidManifest.xml:76:13-83:29
117                <action android:name="android.intent.action.VIEW" />
117-->[com.firebaseui:firebase-ui-auth:3.3.1] AndroidManifest.xml:77:17-69
117-->[com.firebaseui:firebase-ui-auth:3.3.1] AndroidManifest.xml:77:25-66
118
119                <category android:name="android.intent.category.DEFAULT" />
119-->[com.firebaseui:firebase-ui-auth:3.3.1] AndroidManifest.xml:79:17-76
119-->[com.firebaseui:firebase-ui-auth:3.3.1] AndroidManifest.xml:79:27-73
120                <category android:name="android.intent.category.BROWSABLE" />
120-->[com.firebaseui:firebase-ui-auth:3.3.1] AndroidManifest.xml:80:17-78
120-->[com.firebaseui:firebase-ui-auth:3.3.1] AndroidManifest.xml:80:27-75
121
122                <data android:scheme="@string/facebook_login_protocol_scheme" />
122-->[com.firebaseui:firebase-ui-auth:3.3.1] AndroidManifest.xml:82:17-81
122-->[com.firebaseui:firebase-ui-auth:3.3.1] AndroidManifest.xml:82:23-78
123            </intent-filter>
124        </activity>
125
126        <provider
126-->[com.firebaseui:firebase-ui-auth:3.3.1] AndroidManifest.xml:86:9-90:38
127            android:name="com.firebase.ui.auth.data.client.AuthUiInitProvider"
127-->[com.firebaseui:firebase-ui-auth:3.3.1] AndroidManifest.xml:87:13-79
128            android:authorities="com.my.socialstress.authuiinitprovider"
128-->[com.firebaseui:firebase-ui-auth:3.3.1] AndroidManifest.xml:88:13-70
129            android:exported="false"
129-->[com.firebaseui:firebase-ui-auth:3.3.1] AndroidManifest.xml:89:13-37
130            android:initOrder="90" />
130-->[com.firebaseui:firebase-ui-auth:3.3.1] AndroidManifest.xml:90:13-35
131
132        <activity
132-->[com.google.firebase:firebase-auth:18.1.0] AndroidManifest.xml:24:9-31:50
133            android:name="com.google.firebase.auth.internal.FederatedSignInActivity"
133-->[com.google.firebase:firebase-auth:18.1.0] AndroidManifest.xml:25:13-85
134            android:excludeFromRecents="true"
134-->[com.google.firebase:firebase-auth:18.1.0] AndroidManifest.xml:26:13-46
135            android:exported="true"
135-->[com.google.firebase:firebase-auth:18.1.0] AndroidManifest.xml:27:13-36
136            android:launchMode="singleTask"
136-->[com.google.firebase:firebase-auth:18.1.0] AndroidManifest.xml:28:13-44
137            android:permission="com.google.firebase.auth.api.gms.permission.LAUNCH_FEDERATED_SIGN_IN"
137-->[com.google.firebase:firebase-auth:18.1.0] AndroidManifest.xml:29:13-102
138            android:theme="@android:style/Theme.Translucent.NoTitleBar" />
138-->[com.google.firebase:firebase-auth:18.1.0] AndroidManifest.xml:30:13-72
139
140        <service
140-->[com.google.firebase:firebase-auth:18.1.0] AndroidManifest.xml:33:9-39:19
141            android:name="com.google.firebase.components.ComponentDiscoveryService"
141-->[com.google.firebase:firebase-auth:18.1.0] AndroidManifest.xml:34:13-84
142            android:directBootAware="true"
142-->[com.google.firebase:firebase-common:19.2.0] AndroidManifest.xml:15:13-43
143            android:exported="false" >
143-->[com.google.firebase:firebase-auth:18.1.0] AndroidManifest.xml:35:13-37
144            <meta-data
144-->[com.google.firebase:firebase-auth:18.1.0] AndroidManifest.xml:36:13-38:85
145                android:name="com.google.firebase.components:com.google.firebase.auth.FirebaseAuthRegistrar"
145-->[com.google.firebase:firebase-auth:18.1.0] AndroidManifest.xml:37:17-109
146                android:value="com.google.firebase.components.ComponentRegistrar" />
146-->[com.google.firebase:firebase-auth:18.1.0] AndroidManifest.xml:38:17-82
147            <meta-data
147-->[com.google.firebase:firebase-storage:18.1.0] AndroidManifest.xml:33:13-35:85
148                android:name="com.google.firebase.components:com.google.firebase.storage.StorageRegistrar"
148-->[com.google.firebase:firebase-storage:18.1.0] AndroidManifest.xml:34:17-107
149                android:value="com.google.firebase.components.ComponentRegistrar" />
149-->[com.google.firebase:firebase-storage:18.1.0] AndroidManifest.xml:35:17-82
150            <meta-data
150-->[com.google.firebase:firebase-firestore:20.1.0] AndroidManifest.xml:20:13-22:85
151                android:name="com.google.firebase.components:com.google.firebase.firestore.FirestoreRegistrar"
151-->[com.google.firebase:firebase-firestore:20.1.0] AndroidManifest.xml:21:17-111
152                android:value="com.google.firebase.components.ComponentRegistrar" />
152-->[com.google.firebase:firebase-firestore:20.1.0] AndroidManifest.xml:22:17-82
153            <meta-data
153-->[com.google.firebase:firebase-database:19.2.0] AndroidManifest.xml:32:13-34:85
154                android:name="com.google.firebase.components:com.google.firebase.database.DatabaseRegistrar"
154-->[com.google.firebase:firebase-database:19.2.0] AndroidManifest.xml:33:17-109
155                android:value="com.google.firebase.components.ComponentRegistrar" />
155-->[com.google.firebase:firebase-database:19.2.0] AndroidManifest.xml:34:17-82
156            <meta-data
156-->[com.google.android.gms:play-services-measurement-api:17.0.0] AndroidManifest.xml:30:13-32:85
157                android:name="com.google.firebase.components:com.google.firebase.analytics.connector.internal.AnalyticsConnectorRegistrar"
157-->[com.google.android.gms:play-services-measurement-api:17.0.0] AndroidManifest.xml:31:17-139
158                android:value="com.google.firebase.components.ComponentRegistrar" />
158-->[com.google.android.gms:play-services-measurement-api:17.0.0] AndroidManifest.xml:32:17-82
159            <meta-data
159-->[com.google.firebase:firebase-iid:19.0.1] AndroidManifest.xml:32:13-34:85
160                android:name="com.google.firebase.components:com.google.firebase.iid.Registrar"
160-->[com.google.firebase:firebase-iid:19.0.1] AndroidManifest.xml:33:17-96
161                android:value="com.google.firebase.components.ComponentRegistrar" />
161-->[com.google.firebase:firebase-iid:19.0.1] AndroidManifest.xml:34:17-82
162        </service>
163        <!--
164             FirebaseMessagingService performs security checks at runtime,
165             but set to not exported to explicitly avoid allowing another app to call it.
166        -->
167        <service
167-->[com.google.firebase:firebase-messaging:19.0.1] AndroidManifest.xml:28:9-34:19
168            android:name="com.google.firebase.messaging.FirebaseMessagingService"
168-->[com.google.firebase:firebase-messaging:19.0.1] AndroidManifest.xml:29:13-82
169            android:exported="false" >
169-->[com.google.firebase:firebase-messaging:19.0.1] AndroidManifest.xml:30:13-37
170            <intent-filter android:priority="-500" >
170-->[com.google.firebase:firebase-messaging:19.0.1] AndroidManifest.xml:31:13-33:29
170-->[com.google.firebase:firebase-messaging:19.0.1] AndroidManifest.xml:31:28-51
171                <action android:name="com.google.firebase.MESSAGING_EVENT" />
171-->[com.google.firebase:firebase-messaging:19.0.1] AndroidManifest.xml:32:17-78
171-->[com.google.firebase:firebase-messaging:19.0.1] AndroidManifest.xml:32:25-75
172            </intent-filter>
173        </service>
174
175        <activity
175-->[com.google.android.gms:play-services-auth:17.0.0] AndroidManifest.xml:23:9-27:75
176            android:name="com.google.android.gms.auth.api.signin.internal.SignInHubActivity"
176-->[com.google.android.gms:play-services-auth:17.0.0] AndroidManifest.xml:24:13-93
177            android:excludeFromRecents="true"
177-->[com.google.android.gms:play-services-auth:17.0.0] AndroidManifest.xml:25:13-46
178            android:exported="false"
178-->[com.google.android.gms:play-services-auth:17.0.0] AndroidManifest.xml:26:13-37
179            android:theme="@android:style/Theme.Translucent.NoTitleBar" />
179-->[com.google.android.gms:play-services-auth:17.0.0] AndroidManifest.xml:27:13-72
180        <!--
181            Service handling Google Sign-In user revocation. For apps that do not integrate with
182            Google Sign-In, this service will never be started.
183        -->
184        <service
184-->[com.google.android.gms:play-services-auth:17.0.0] AndroidManifest.xml:33:9-36:110
185            android:name="com.google.android.gms.auth.api.signin.RevocationBoundService"
185-->[com.google.android.gms:play-services-auth:17.0.0] AndroidManifest.xml:34:13-89
186            android:exported="true"
186-->[com.google.android.gms:play-services-auth:17.0.0] AndroidManifest.xml:35:13-36
187            android:permission="com.google.android.gms.auth.api.signin.permission.REVOCATION_NOTIFICATION" />
187-->[com.google.android.gms:play-services-auth:17.0.0] AndroidManifest.xml:36:13-107
188
189        <receiver
189-->[com.google.firebase:firebase-iid:19.0.1] AndroidManifest.xml:37:9-44:20
190            android:name="com.google.firebase.iid.FirebaseInstanceIdReceiver"
190-->[com.google.firebase:firebase-iid:19.0.1] AndroidManifest.xml:38:13-78
191            android:exported="true"
191-->[com.google.firebase:firebase-iid:19.0.1] AndroidManifest.xml:39:13-36
192            android:permission="com.google.android.c2dm.permission.SEND" >
192-->[com.google.firebase:firebase-iid:19.0.1] AndroidManifest.xml:40:13-73
193            <intent-filter>
193-->[com.google.firebase:firebase-iid:19.0.1] AndroidManifest.xml:41:13-43:29
194                <action android:name="com.google.android.c2dm.intent.RECEIVE" />
194-->[com.google.firebase:firebase-iid:19.0.1] AndroidManifest.xml:42:17-81
194-->[com.google.firebase:firebase-iid:19.0.1] AndroidManifest.xml:42:25-78
195            </intent-filter>
196        </receiver>
197
198        <activity
198-->[com.google.android.gms:play-services-base:17.0.0] AndroidManifest.xml:23:9-26:75
199            android:name="com.google.android.gms.common.api.GoogleApiActivity"
199-->[com.google.android.gms:play-services-base:17.0.0] AndroidManifest.xml:24:13-79
200            android:exported="false"
200-->[com.google.android.gms:play-services-base:17.0.0] AndroidManifest.xml:25:13-37
201            android:theme="@android:style/Theme.Translucent.NoTitleBar" />
201-->[com.google.android.gms:play-services-base:17.0.0] AndroidManifest.xml:26:13-72
202
203        <provider
203-->[com.google.firebase:firebase-common:19.2.0] AndroidManifest.xml:19:9-23:39
204            android:name="com.google.firebase.provider.FirebaseInitProvider"
204-->[com.google.firebase:firebase-common:19.2.0] AndroidManifest.xml:20:13-77
205            android:authorities="com.my.socialstress.firebaseinitprovider"
205-->[com.google.firebase:firebase-common:19.2.0] AndroidManifest.xml:21:13-72
206            android:exported="false"
206-->[com.google.firebase:firebase-common:19.2.0] AndroidManifest.xml:22:13-37
207            android:initOrder="100" />
207-->[com.google.firebase:firebase-common:19.2.0] AndroidManifest.xml:23:13-36
208
209        <receiver
209-->[com.google.android.gms:play-services-measurement:17.0.0] AndroidManifest.xml:29:9-33:20
210            android:name="com.google.android.gms.measurement.AppMeasurementReceiver"
210-->[com.google.android.gms:play-services-measurement:17.0.0] AndroidManifest.xml:30:13-85
211            android:enabled="true"
211-->[com.google.android.gms:play-services-measurement:17.0.0] AndroidManifest.xml:31:13-35
212            android:exported="false" >
212-->[com.google.android.gms:play-services-measurement:17.0.0] AndroidManifest.xml:32:13-37
213        </receiver>
214        <receiver
214-->[com.google.android.gms:play-services-measurement:17.0.0] AndroidManifest.xml:34:9-42:20
215            android:name="com.google.android.gms.measurement.AppMeasurementInstallReferrerReceiver"
215-->[com.google.android.gms:play-services-measurement:17.0.0] AndroidManifest.xml:35:13-100
216            android:enabled="true"
216-->[com.google.android.gms:play-services-measurement:17.0.0] AndroidManifest.xml:36:13-35
217            android:exported="true"
217-->[com.google.android.gms:play-services-measurement:17.0.0] AndroidManifest.xml:37:13-36
218            android:permission="android.permission.INSTALL_PACKAGES" >
218-->[com.google.android.gms:play-services-measurement:17.0.0] AndroidManifest.xml:38:13-69
219            <intent-filter>
219-->[com.google.android.gms:play-services-measurement:17.0.0] AndroidManifest.xml:39:13-41:29
220                <action android:name="com.android.vending.INSTALL_REFERRER" />
220-->[com.google.android.gms:play-services-measurement:17.0.0] AndroidManifest.xml:40:17-79
220-->[com.google.android.gms:play-services-measurement:17.0.0] AndroidManifest.xml:40:25-76
221            </intent-filter>
222        </receiver>
223
224        <service
224-->[com.google.android.gms:play-services-measurement:17.0.0] AndroidManifest.xml:44:9-47:40
225            android:name="com.google.android.gms.measurement.AppMeasurementService"
225-->[com.google.android.gms:play-services-measurement:17.0.0] AndroidManifest.xml:45:13-84
226            android:enabled="true"
226-->[com.google.android.gms:play-services-measurement:17.0.0] AndroidManifest.xml:46:13-35
227            android:exported="false" />
227-->[com.google.android.gms:play-services-measurement:17.0.0] AndroidManifest.xml:47:13-37
228        <service
228-->[com.google.android.gms:play-services-measurement:17.0.0] AndroidManifest.xml:48:9-52:72
229            android:name="com.google.android.gms.measurement.AppMeasurementJobService"
229-->[com.google.android.gms:play-services-measurement:17.0.0] AndroidManifest.xml:49:13-87
230            android:enabled="true"
230-->[com.google.android.gms:play-services-measurement:17.0.0] AndroidManifest.xml:50:13-35
231            android:exported="false"
231-->[com.google.android.gms:play-services-measurement:17.0.0] AndroidManifest.xml:51:13-37
232            android:permission="android.permission.BIND_JOB_SERVICE" />
232-->[com.google.android.gms:play-services-measurement:17.0.0] AndroidManifest.xml:52:13-69
233
234        <provider
234-->[androidx.lifecycle:lifecycle-process:2.0.0] AndroidManifest.xml:23:9-27:43
235            android:name="androidx.lifecycle.ProcessLifecycleOwnerInitializer"
235-->[androidx.lifecycle:lifecycle-process:2.0.0] AndroidManifest.xml:24:13-79
236            android:authorities="com.my.socialstress.lifecycle-process"
236-->[androidx.lifecycle:lifecycle-process:2.0.0] AndroidManifest.xml:25:13-69
237            android:exported="false"
237-->[androidx.lifecycle:lifecycle-process:2.0.0] AndroidManifest.xml:26:13-37
238            android:multiprocess="true" />
238-->[androidx.lifecycle:lifecycle-process:2.0.0] AndroidManifest.xml:27:13-40
239    </application>
240
241</manifest>